<?xml version="1.0" encoding="UTF-8"?>
<!-- Generated by org.testng.reporters.JUnitXMLReporter -->
<testsuite hostname="SHA-LRI-PC-264" name="GroupDependence" tests="7" failures="1" timestamp="16 Aug 2018 07:20:27 GMT" time="0.028" errors="0">
  <testcase name="" time="0.006" classname="trainTestNG.TestBase"/>
  <testcase name="" time="0.001" classname="trainTestNG.TestBase"/>
  <testcase name="" time="0.001" classname="trainTestNG.TestBase"/>
  <testcase name="" time="0.004" classname="trainTestNG.TestFunc">
    <failure type="java.lang.AssertionError" message="expected [true] but found [false]">
      <![CDATA[java.lang.AssertionError: expected [true] but found [false]
	at trainTestNG.TestFunc.testMethod1(TestFunc.java:31)
... Removed 27 stack frames]]>
    </failure>
  </testcase> <!--  -->
  <testcase name="" time="0.0" classname="trainTestNG.TestFunc"/>
  <testcase name="" time="0.001" classname="trainTestNG.TestFunc"/>
  <testcase name="testMethod4" time="0.0" classname="trainTestNG.TestFunc">
    <skipped/>
  </testcase> <!-- testMethod4 -->
</testsuite> <!-- GroupDependence -->
