<?xml version="1.0" encoding="UTF-8"?>
<!-- Generated by org.testng.reporters.JUnitXMLReporter -->
<testsuite hostname="SHA-LRI-PC-264" name="methodDependence" tests="2" failures="1" timestamp="16 Aug 2018 06:57:20 GMT" time="0.025" errors="0">
  <testcase name="testMethod1" time="0.009" classname="trainTestNG.TestFunc">
    <failure type="java.lang.AssertionError" message="expected [true] but found [false]">
      <![CDATA[java.lang.AssertionError: expected [true] but found [false]
	at trainTestNG.TestFunc.testMethod1(TestFunc.java:14)
... Removed 28 stack frames]]>
    </failure>
  </testcase> <!-- testMethod1 -->
  <testcase name="testMethod4" time="0.001" classname="trainTestNG.TestFunc">
    <skipped/>
  </testcase> <!-- testMethod4 -->
</testsuite> <!-- methodDependence -->
