<?xml version="1.0" encoding="UTF-8"?>
<!-- Generated by org.testng.reporters.JUnitXMLReporter -->
<testsuite hostname="SHA-LRI-PC-264" name="t1" tests="2" failures="1" timestamp="14 Aug 2018 11:50:16 GMT" time="0.024" errors="0">
  <testcase name="testMethod1" time="0.009" classname="trainTestNG.TestNext">
    <failure type="java.lang.AssertionError" message="expected [true] but found [false]">
      <![CDATA[java.lang.AssertionError: expected [true] but found [false]
	at trainTestNG.TestNext.testMethod1(TestNext.java:13)
... Removed 28 stack frames]]>
    </failure>
  </testcase> <!-- testMethod1 -->
  <testcase name="testMethod4" time="0.0" classname="trainTestNG.TestNext">
    <skipped/>
  </testcase> <!-- testMethod4 -->
</testsuite> <!-- t1 -->
