<?xml version="1.0" encoding="UTF-8"?>
<!-- Generated by org.testng.reporters.JUnitXMLReporter -->
<testsuite hostname="SHA-LRI-PC-264" name="testFactory" tests="5" failures="0" timestamp="16 Aug 2018 07:37:28 GMT" time="0.023" errors="0">
  <testcase name="testServer" time="0.008" classname="trainTestNG.WebTest"/>
  <testcase name="testServer" time="0.001" classname="trainTestNG.WebTest"/>
  <testcase name="testServer" time="0.001" classname="trainTestNG.WebTest"/>
  <testcase name="testServer" time="0.001" classname="trainTestNG.WebTest"/>
  <testcase name="testServer" time="0.001" classname="trainTestNG.WebTest"/>
</testsuite> <!-- testFactory -->
